[ 50%] [32mBuilding CXX object CMakeFiles/mynodecpp.dir/src/my_2node.cpp.o[0m
[01m[K/home/student/nrs_lv_ws/src/cpp_pkg/src/my_2node.cpp:1:1:[m[K [01;31m[Kerror: [m[Kâ€˜[01m[Kinclude[m[Kâ€™ does not name a type
    1 | [01;31m[Kinclude[m[K "rclcpp/rclcpp.hpp"
      | [01;31m[K^~~~~~~[m[K
[01m[K/home/student/nrs_lv_ws/src/cpp_pkg/src/my_2node.cpp:[m[K In function â€˜[01m[Kint[01;32m[K main[m[K(int, char**)[m[Kâ€™:
[01m[K/home/student/nrs_lv_ws/src/cpp_pkg/src/my_2node.cpp:22:5:[m[K [01;31m[Kerror: [m[Kâ€˜[01m[Krclcpp[m[Kâ€™ has not been declared
   22 |     [01;31m[Krclcpp[m[K::init(argc, argv);
      |     [01;31m[K^~~~~~[m[K
[01m[K/home/student/nrs_lv_ws/src/cpp_pkg/src/my_2node.cpp:23:22:[m[K [01;31m[Kerror: [m[Kâ€˜[01m[Kmake_shared[m[Kâ€™ is not a member of â€˜[01m[Kstd[m[Kâ€™
   23 |     auto node = std::[01;31m[Kmake_shared[m[K<MyNode>();
      |                      [01;31m[K^~~~~~~~~~~[m[K
[01m[K/home/student/nrs_lv_ws/src/cpp_pkg/src/my_2node.cpp:1:1:[m[K [01;36m[Knote: [m[Kâ€˜[01m[Kstd::make_shared[m[Kâ€™ is defined in header â€˜[01m[K<memory>[m[Kâ€™; did you forget to â€˜[01m[K#include <memory>[m[Kâ€™?
  +++ |+[32m[K#include <memory>[m[K
    1 | include "rclcpp/rclcpp.hpp"
[01m[K/home/student/nrs_lv_ws/src/cpp_pkg/src/my_2node.cpp:23:34:[m[K [01;31m[Kerror: [m[Kâ€˜[01m[KMyNode[m[Kâ€™ was not declared in this scope; did you mean â€˜[01m[Knode[m[Kâ€™?
   23 |     auto node = std::make_shared<[01;31m[KMyNode[m[K>();
      |                                  [01;31m[K^~~~~~[m[K
      |                                  [32m[Knode[m[K
[01m[K/home/student/nrs_lv_ws/src/cpp_pkg/src/my_2node.cpp:23:42:[m[K [01;31m[Kerror: [m[Kexpected primary-expression before â€˜[01m[K)[m[Kâ€™ token
   23 |     auto node = std::make_shared<MyNode>([01;31m[K)[m[K;
      |                                          [01;31m[K^[m[K
[01m[K/home/student/nrs_lv_ws/src/cpp_pkg/src/my_2node.cpp:24:5:[m[K [01;31m[Kerror: [m[Kâ€˜[01m[Krclcpp[m[Kâ€™ has not been declared
   24 |     [01;31m[Krclcpp[m[K::spin(node);
      |     [01;31m[K^~~~~~[m[K
[01m[K/home/student/nrs_lv_ws/src/cpp_pkg/src/my_2node.cpp:25:5:[m[K [01;31m[Kerror: [m[Kâ€˜[01m[Krclcpp[m[Kâ€™ has not been declared
   25 |     [01;31m[Krclcpp[m[K::shutdown();
      |     [01;31m[K^~~~~~[m[K
gmake[2]: *** [CMakeFiles/mynodecpp.dir/build.make:76: CMakeFiles/mynodecpp.dir/src/my_2node.cpp.o] Error 1
gmake[1]: *** [CMakeFiles/Makefile2:137: CMakeFiles/mynodecpp.dir/all] Error 2
gmake: *** [Makefile:146: all] Error 2
